[debug] [2023-08-14T15:36:31.884Z] ----------------------------------------------------------------------
[debug] [2023-08-14T15:36:31.888Z] Command:       /usr/local/bin/firebase /Users/uncommonstudent/.cache/firebase/tools/lib/node_modules/firebase-tools/lib/bin/firebase init
[debug] [2023-08-14T15:36:31.888Z] CLI Version:   12.3.1
[debug] [2023-08-14T15:36:31.889Z] Platform:      darwin
[debug] [2023-08-14T15:36:31.889Z] Node Version:  v16.16.0
[debug] [2023-08-14T15:36:31.907Z] Time:          Mon Aug 14 2023 17:36:31 GMT+0200 (Central Africa Time)
[debug] [2023-08-14T15:36:31.907Z] ----------------------------------------------------------------------
[debug] 
[debug] [2023-08-14T15:36:31.918Z] >>> [apiv2][query] GET https://firebase-public.firebaseio.com/cli.json [none]
[debug] [2023-08-14T15:36:31.984Z] > command requires scopes: ["email","openid","https://www.googleapis.com/auth/cloudplatformprojects.readonly","https://www.googleapis.com/auth/firebase","https://www.googleapis.com/auth/cloud-platform"]
[debug] [2023-08-14T15:36:31.985Z] > authorizing via signed-in user (nyashatanganyika21@gmail.com)
[info] 
     ######## #### ########  ######## ########     ###     ######  ########
     ##        ##  ##     ## ##       ##     ##  ##   ##  ##       ##
     ######    ##  ########  ######   ########  #########  ######  ######
     ##        ##  ##    ##  ##       ##     ## ##     ##       ## ##
     ##       #### ##     ## ######## ########  ##     ##  ######  ########

You're about to initialize a Firebase project in this directory:

  /Users/uncommonstudent/Desktop/React/contact-us-page

[debug] [2023-08-14T15:36:32.921Z] <<< [apiv2][status] GET https://firebase-public.firebaseio.com/cli.json 200
[debug] [2023-08-14T15:36:32.922Z] <<< [apiv2][body] GET https://firebase-public.firebaseio.com/cli.json {"cloudBuildErrorAfter":1594252800000,"cloudBuildWarnAfter":1590019200000,"defaultNode10After":1594252800000,"minVersion":"3.0.5","node8DeploysDisabledAfter":1613390400000,"node8RuntimeDisabledAfter":1615809600000,"node8WarnAfter":1600128000000}
[info] 
=== Project Setup
[info] 
[info] First, let's associate this project directory with a Firebase project.
[info] You can create multiple project aliases by running firebase use --add, 
[info] but for now we'll just set up a default project.
[info] 
[info] i  If you want to create a project in a Google Cloud organization or folder, please use "firebase projects:create" instead, and return to this command when you've created the project. 
[debug] [2023-08-14T15:37:22.498Z] > refreshing access token with scopes: []
[debug] [2023-08-14T15:37:22.499Z] >>> [apiv2][query] POST https://www.googleapis.com/oauth2/v3/token [none]
[debug] [2023-08-14T15:37:22.500Z] >>> [apiv2][body] POST https://www.googleapis.com/oauth2/v3/token [omitted]
[debug] [2023-08-14T15:37:23.097Z] <<< [apiv2][status] POST https://www.googleapis.com/oauth2/v3/token 200
[debug] [2023-08-14T15:37:23.097Z] <<< [apiv2][body] POST https://www.googleapis.com/oauth2/v3/token [omitted]
[debug] [2023-08-14T15:37:23.196Z] >>> [apiv2][query] POST https://cloudresourcemanager.googleapis.com/v1/projects [none]
[debug] [2023-08-14T15:37:23.197Z] >>> [apiv2][body] POST https://cloudresourcemanager.googleapis.com/v1/projects {"projectId":"contact-form","name":"contact-form"}
[debug] [2023-08-14T15:37:25.142Z] <<< [apiv2][status] POST https://cloudresourcemanager.googleapis.com/v1/projects 409
[debug] [2023-08-14T15:37:25.142Z] <<< [apiv2][body] POST https://cloudresourcemanager.googleapis.com/v1/projects {"error":{"code":409,"message":"Requested entity already exists","status":"ALREADY_EXISTS"}}
[debug] [2023-08-14T15:37:25.673Z] FirebaseError: HTTP Error: 409, Requested entity already exists
    at responseToError (/Users/uncommonstudent/.cache/firebase/tools/lib/node_modules/firebase-tools/lib/responseToError.js:49:12)
    at RetryOperation._fn (/Users/uncommonstudent/.cache/firebase/tools/lib/node_modules/firebase-tools/lib/apiv2.js:288:77)
    at processTicksAndRejections (node:internal/process/task_queues:96:5)
[error] 
[error] Error: Failed to create project because there is already a project with ID contact-form. Please try again with a unique project ID.
[debug] [2023-08-14T15:37:41.027Z] ----------------------------------------------------------------------
[debug] [2023-08-14T15:37:41.030Z] Command:       /usr/local/bin/firebase /Users/uncommonstudent/.cache/firebase/tools/lib/node_modules/firebase-tools/lib/bin/firebase init
[debug] [2023-08-14T15:37:41.031Z] CLI Version:   12.3.1
[debug] [2023-08-14T15:37:41.031Z] Platform:      darwin
[debug] [2023-08-14T15:37:41.031Z] Node Version:  v16.16.0
[debug] [2023-08-14T15:37:41.032Z] Time:          Mon Aug 14 2023 17:37:41 GMT+0200 (Central Africa Time)
[debug] [2023-08-14T15:37:41.033Z] ----------------------------------------------------------------------
[debug] 
[debug] [2023-08-14T15:37:41.043Z] > command requires scopes: ["email","openid","https://www.googleapis.com/auth/cloudplatformprojects.readonly","https://www.googleapis.com/auth/firebase","https://www.googleapis.com/auth/cloud-platform"]
[debug] [2023-08-14T15:37:41.044Z] > authorizing via signed-in user (nyashatanganyika21@gmail.com)
[info] 
     ######## #### ########  ######## ########     ###     ######  ########
     ##        ##  ##     ## ##       ##     ##  ##   ##  ##       ##
     ######    ##  ########  ######   ########  #########  ######  ######
     ##        ##  ##    ##  ##       ##     ## ##     ##       ## ##
     ##       #### ##     ## ######## ########  ##     ##  ######  ########

You're about to initialize a Firebase project in this directory:

  /Users/uncommonstudent/Desktop/React/contact-us-page

[info] 
=== Project Setup
[info] 
[info] First, let's associate this project directory with a Firebase project.
[info] You can create multiple project aliases by running firebase use --add, 
[info] but for now we'll just set up a default project.
[info] 
[info] i  If you want to create a project in a Google Cloud organization or folder, please use "firebase projects:create" instead, and return to this command when you've created the project. 
[debug] [2023-08-14T15:38:33.618Z] >>> [apiv2][query] POST https://cloudresourcemanager.googleapis.com/v1/projects [none]
[debug] [2023-08-14T15:38:33.619Z] >>> [apiv2][body] POST https://cloudresourcemanager.googleapis.com/v1/projects {"projectId":"new-project-contact","name":"contact-form"}
[debug] [2023-08-14T15:38:35.901Z] <<< [apiv2][status] POST https://cloudresourcemanager.googleapis.com/v1/projects 409
[debug] [2023-08-14T15:38:35.901Z] <<< [apiv2][body] POST https://cloudresourcemanager.googleapis.com/v1/projects {"error":{"code":409,"message":"Requested entity already exists","status":"ALREADY_EXISTS"}}
[debug] [2023-08-14T15:38:36.360Z] FirebaseError: HTTP Error: 409, Requested entity already exists
    at responseToError (/Users/uncommonstudent/.cache/firebase/tools/lib/node_modules/firebase-tools/lib/responseToError.js:49:12)
    at RetryOperation._fn (/Users/uncommonstudent/.cache/firebase/tools/lib/node_modules/firebase-tools/lib/apiv2.js:288:77)
    at processTicksAndRejections (node:internal/process/task_queues:96:5)
[error] 
[error] Error: Failed to create project because there is already a project with ID new-project-contact. Please try again with a unique project ID.
